# ELBREAD: Elaboration process.
# ELBREAD: Elaboration time 0.0 [s].
asim -O5 +access +r +m+dff_tb dff_tb TB_ARCHITECTURE
# ELBREAD: Elaboration process.
# ELBREAD: Elaboration time 0.0 [s].
# VSIM: Stack memory: 32MB
# VSIM: Retval memory: 32MB
# KERNEL: Main thread initiated.
# KERNEL: Kernel process initialization phase.
# ELAB2: Elaboration final pass...
# ELAB2: Create instances ...
# KERNEL: Time resolution set to 1ps.
# ELAB2: Create instances complete.
# SLP: Started
# SLP: Elaboration phase ...
# SLP: Elaboration phase ... skipped, nothing to simulate in SLP mode : 0.0 [s]
# SLP: Finished : 0.0 [s]
# ELAB2: Elaboration final pass complete - time: 0.2 [s].
# KERNEL: Kernel process initialization done.
# Allocation: Simulator allocated 5398 kB (elbread=427 elab2=4832 kernel=139 sdf=0)
# KERNEL: ASDB file was created in location D:\git\CAL-2022-2023\C5\dff\src\wave.asdb
#  10:07 PM, Sunday, November 27, 2022
#  Simulation has been initialized
# add wave -noreg {/dff_tb/D}
# add wave -noreg {/dff_tb/CLK}
# add wave -noreg {/dff_tb/Q}
# add wave -noreg {/dff_tb/Qp}
# 4 object(s) traced.
# Waveform file 'untitled.awc' connected to 'D:/git/CAL-2022-2023/C5/dff/src/wave.asdb'.
run 100 ns
# KERNEL: stopped at time: 100 ns
