# ELBREAD: Elaboration process.
# ELBREAD: Elaboration time 0.2 [s].
# Waveform file 'untitled.awc' connected to 'D:/Term 5/CA Lab/AZ/AZ/Computer4bit/src/ALUWaveform.asdb'.
# Waveform file 'untitled.awc' connected to 'D:/Term 5/CA Lab/AZ/AZ/Computer4bit/src/ALUWaveform.asdb'.
# Waveform file 'untitled.awc' connected to 'D:/Term 5/CA Lab/AZ/AZ/Computer4bit/src/ALUWaveform.asdb'.
# Waveform file 'untitled.awc' connected to 'D:/Term 5/CA Lab/AZ/AZ/Computer4bit/src/InstructionMemoryWaveform.asdb'.
# Waveform file 'untitled.awc' connected to 'D:/Term 5/CA Lab/AZ/AZ/Computer4bit/src/InstructionMemoryWaveform.asdb'.
# Waveform file 'untitled.awc' connected to 'D:/Term 5/CA Lab/AZ/AZ/Computer4bit/src/PCWaveform.asdb'.
# Waveform file 'untitled.awc' connected to 'D:/Term 5/CA Lab/AZ/AZ/Computer4bit/src/FinalResultsWavefrom.asdb'.
# Waveform file 'D:/Term 5/CA Lab/AZ/AZ/Computer4bit/src/FinalResultsWavefrom.awc' connected to 'D:/Term 5/CA Lab/AZ/AZ/Computer4bit/src/FinalResultsWavefrom.asdb'.
# Waveform file 'untitled.awc' connected to 'D:/Term 5/CA Lab/AZ/AZ/Computer4bit/src/FinalResultsWavefrom.asdb'.
# Waveform file 'untitled.awc' connected to 'D:/Term 5/CA Lab/AZ/AZ/Computer4bit/src/ALUWaveform.asdb'.
# ELBREAD: Elaboration process.
# ELBREAD: Elaboration time 0.1 [s].
# ELBREAD: Elaboration process.
# ELBREAD: Elaboration time 0.0 [s].
asim -O5 +access +r +m+registerfile_tb registerfile_tb TB_ARCHITECTURE
# ELBREAD: Elaboration process.
# ELBREAD: Elaboration time 0.0 [s].
# VSIM: Stack memory: 32MB
# VSIM: Retval memory: 32MB
acom -O3 -e 100 -work Computer4bit -2002  $dsn/src/RegisterFile.vhd
# Warning: DAGGEN_0523: The source is compiled without the -dbg switch. Line breakpoints and assertion debug will not be available.
# File: D:/Term 5/CA Lab/AZ/AZ/Computer4bit/src/RegisterFile.vhd
# Compile Entity "RegisterFile"
# Compile Architecture "RegisterFile_behave" of Entity "RegisterFile"
# Compile success 0 Errors 0 Warnings  Analysis time :  0.2 [s]
# ELBREAD: Elaboration process.
# ELBREAD: Elaboration time 0.0 [s].
# KERNEL: Main thread initiated.
# KERNEL: Kernel process initialization phase.
# ELAB2: Elaboration final pass...
# ELAB2: Create instances ...
# KERNEL: Time resolution set to 1ps.
# ELAB2: Create instances complete.
# SLP: Started
# SLP: Elaboration phase ...
# SLP: Elaboration phase ... skipped, nothing to simulate in SLP mode : 0.0 [s]
# SLP: Finished : 0.0 [s]
# ELAB2: Elaboration final pass complete - time: 0.4 [s].
# KERNEL: Kernel process initialization done.
# Allocation: Simulator allocated 5436 kB (elbread=427 elab2=4870 kernel=139 sdf=0)
# KERNEL: ASDB file was created in location D:\Term 5\CA Lab\AZ\AZ\Computer4bit\src\wave.asdb
#  6:43 PM, Wednesday, January 18, 2023
#  Simulation has been initialized
# add wave -noreg {/registerfile_tb/readr1}
# add wave -noreg {/registerfile_tb/readr2}
# add wave -noreg {/registerfile_tb/writer}
# add wave -noreg {/registerfile_tb/writed}
# add wave -noreg {/registerfile_tb/regwrite}
# add wave -noreg {/registerfile_tb/readd1}
# add wave -noreg {/registerfile_tb/readd2}
# add wave -noreg {/registerfile_tb/period}
# add wave -noreg {/registerfile_tb/pulseperiod}
# Warning: WAVEFORM: Object matching /registerfile_tb/readr1 not found in D:/Term 5/CA Lab/AZ/AZ/Computer4bit/src/FinalResultsWavefrom.asdb.
# Warning: WAVEFORM: Object matching /registerfile_tb/readr2 not found in D:/Term 5/CA Lab/AZ/AZ/Computer4bit/src/FinalResultsWavefrom.asdb.
# Warning: WAVEFORM: Object matching /registerfile_tb/writer not found in D:/Term 5/CA Lab/AZ/AZ/Computer4bit/src/FinalResultsWavefrom.asdb.
# Warning: WAVEFORM: Object matching /registerfile_tb/writed not found in D:/Term 5/CA Lab/AZ/AZ/Computer4bit/src/FinalResultsWavefrom.asdb.
# Warning: WAVEFORM: Object matching /registerfile_tb/regwrite not found in D:/Term 5/CA Lab/AZ/AZ/Computer4bit/src/FinalResultsWavefrom.asdb.
# Warning: WAVEFORM: Object matching /registerfile_tb/readd1 not found in D:/Term 5/CA Lab/AZ/AZ/Computer4bit/src/FinalResultsWavefrom.asdb.
# Warning: WAVEFORM: Object matching /registerfile_tb/readd2 not found in D:/Term 5/CA Lab/AZ/AZ/Computer4bit/src/FinalResultsWavefrom.asdb.
# Warning: WAVEFORM: Object matching /registerfile_tb/period not found in D:/Term 5/CA Lab/AZ/AZ/Computer4bit/src/FinalResultsWavefrom.asdb.
# Warning: WAVEFORM: Object matching /registerfile_tb/pulseperiod not found in D:/Term 5/CA Lab/AZ/AZ/Computer4bit/src/FinalResultsWavefrom.asdb.
# add wave -noreg {/registerfile_tb/readr1}
# add wave -noreg {/registerfile_tb/readr2}
# add wave -noreg {/registerfile_tb/writer}
# add wave -noreg {/registerfile_tb/writed}
# add wave -noreg {/registerfile_tb/regwrite}
# add wave -noreg {/registerfile_tb/readd1}
# add wave -noreg {/registerfile_tb/readd2}
# add wave -noreg {/registerfile_tb/period}
# add wave -noreg {/registerfile_tb/pulseperiod}
# Warning: WAVEFORM: Object matching /registerfile_tb/readr1 not found in D:/Term 5/CA Lab/AZ/AZ/Computer4bit/src/FinalResultsWavefrom.asdb.
# Warning: WAVEFORM: Object matching /registerfile_tb/readr2 not found in D:/Term 5/CA Lab/AZ/AZ/Computer4bit/src/FinalResultsWavefrom.asdb.
# Warning: WAVEFORM: Object matching /registerfile_tb/writer not found in D:/Term 5/CA Lab/AZ/AZ/Computer4bit/src/FinalResultsWavefrom.asdb.
# Warning: WAVEFORM: Object matching /registerfile_tb/writed not found in D:/Term 5/CA Lab/AZ/AZ/Computer4bit/src/FinalResultsWavefrom.asdb.
# Warning: WAVEFORM: Object matching /registerfile_tb/regwrite not found in D:/Term 5/CA Lab/AZ/AZ/Computer4bit/src/FinalResultsWavefrom.asdb.
# Warning: WAVEFORM: Object matching /registerfile_tb/readd1 not found in D:/Term 5/CA Lab/AZ/AZ/Computer4bit/src/FinalResultsWavefrom.asdb.
# Warning: WAVEFORM: Object matching /registerfile_tb/readd2 not found in D:/Term 5/CA Lab/AZ/AZ/Computer4bit/src/FinalResultsWavefrom.asdb.
# Warning: WAVEFORM: Object matching /registerfile_tb/period not found in D:/Term 5/CA Lab/AZ/AZ/Computer4bit/src/FinalResultsWavefrom.asdb.
# Warning: WAVEFORM: Object matching /registerfile_tb/pulseperiod not found in D:/Term 5/CA Lab/AZ/AZ/Computer4bit/src/FinalResultsWavefrom.asdb.
acom -O3 -e 100 -work Computer4bit -2002  $dsn/src/RegisterFile.vhd
# Warning: DAGGEN_0523: The source is compiled without the -dbg switch. Line breakpoints and assertion debug will not be available.
# File: D:/Term 5/CA Lab/AZ/AZ/Computer4bit/src/RegisterFile.vhd
# Compile Entity "RegisterFile"
# Compile Architecture "RegisterFile_behave" of Entity "RegisterFile"
# Compile success 0 Errors 0 Warnings  Analysis time :  0.1 [s]
# add wave -noreg {/registerfile_tb/readr1}
# add wave -noreg {/registerfile_tb/readr2}
# add wave -noreg {/registerfile_tb/writer}
# add wave -noreg {/registerfile_tb/writed}
# add wave -noreg {/registerfile_tb/regwrite}
# add wave -noreg {/registerfile_tb/readd1}
# add wave -noreg {/registerfile_tb/readd2}
# add wave -noreg {/registerfile_tb/period}
# add wave -noreg {/registerfile_tb/pulseperiod}
# Warning: WAVEFORM: Object matching /registerfile_tb/readr1 not found in D:/Term 5/CA Lab/AZ/AZ/Computer4bit/src/FinalResultsWavefrom.asdb.
# Warning: WAVEFORM: Object matching /registerfile_tb/readr2 not found in D:/Term 5/CA Lab/AZ/AZ/Computer4bit/src/FinalResultsWavefrom.asdb.
# Warning: WAVEFORM: Object matching /registerfile_tb/writer not found in D:/Term 5/CA Lab/AZ/AZ/Computer4bit/src/FinalResultsWavefrom.asdb.
# Warning: WAVEFORM: Object matching /registerfile_tb/writed not found in D:/Term 5/CA Lab/AZ/AZ/Computer4bit/src/FinalResultsWavefrom.asdb.
# Warning: WAVEFORM: Object matching /registerfile_tb/regwrite not found in D:/Term 5/CA Lab/AZ/AZ/Computer4bit/src/FinalResultsWavefrom.asdb.
# Warning: WAVEFORM: Object matching /registerfile_tb/readd1 not found in D:/Term 5/CA Lab/AZ/AZ/Computer4bit/src/FinalResultsWavefrom.asdb.
# Warning: WAVEFORM: Object matching /registerfile_tb/readd2 not found in D:/Term 5/CA Lab/AZ/AZ/Computer4bit/src/FinalResultsWavefrom.asdb.
# Warning: WAVEFORM: Object matching /registerfile_tb/period not found in D:/Term 5/CA Lab/AZ/AZ/Computer4bit/src/FinalResultsWavefrom.asdb.
# Warning: WAVEFORM: Object matching /registerfile_tb/pulseperiod not found in D:/Term 5/CA Lab/AZ/AZ/Computer4bit/src/FinalResultsWavefrom.asdb.
# add wave -noreg {/registerfile_tb/readr1}
# add wave -noreg {/registerfile_tb/readr2}
# add wave -noreg {/registerfile_tb/writer}
# add wave -noreg {/registerfile_tb/writed}
# add wave -noreg {/registerfile_tb/regwrite}
# add wave -noreg {/registerfile_tb/readd1}
# add wave -noreg {/registerfile_tb/readd2}
# add wave -noreg {/registerfile_tb/period}
# add wave -noreg {/registerfile_tb/pulseperiod}
# Warning: WAVEFORM: Object matching /registerfile_tb/readr1 not found in D:/Term 5/CA Lab/AZ/AZ/Computer4bit/src/FinalResultsWavefrom.asdb.
# Warning: WAVEFORM: Object matching /registerfile_tb/readr2 not found in D:/Term 5/CA Lab/AZ/AZ/Computer4bit/src/FinalResultsWavefrom.asdb.
# Warning: WAVEFORM: Object matching /registerfile_tb/writer not found in D:/Term 5/CA Lab/AZ/AZ/Computer4bit/src/FinalResultsWavefrom.asdb.
# Warning: WAVEFORM: Object matching /registerfile_tb/writed not found in D:/Term 5/CA Lab/AZ/AZ/Computer4bit/src/FinalResultsWavefrom.asdb.
# Warning: WAVEFORM: Object matching /registerfile_tb/regwrite not found in D:/Term 5/CA Lab/AZ/AZ/Computer4bit/src/FinalResultsWavefrom.asdb.
# Warning: WAVEFORM: Object matching /registerfile_tb/readd1 not found in D:/Term 5/CA Lab/AZ/AZ/Computer4bit/src/FinalResultsWavefrom.asdb.
# Warning: WAVEFORM: Object matching /registerfile_tb/readd2 not found in D:/Term 5/CA Lab/AZ/AZ/Computer4bit/src/FinalResultsWavefrom.asdb.
# Warning: WAVEFORM: Object matching /registerfile_tb/period not found in D:/Term 5/CA Lab/AZ/AZ/Computer4bit/src/FinalResultsWavefrom.asdb.
# Warning: WAVEFORM: Object matching /registerfile_tb/pulseperiod not found in D:/Term 5/CA Lab/AZ/AZ/Computer4bit/src/FinalResultsWavefrom.asdb.
# ELBREAD: Elaboration process.
# ELBREAD: Elaboration time 0.0 [s].
acom -O3 -e 100 -work Computer4bit -2002  $dsn/src/TestBench/registerfile_TB.vhd
# Warning: DAGGEN_0523: The source is compiled without the -dbg switch. Line breakpoints and assertion debug will not be available.
# File: D:/Term 5/CA Lab/AZ/AZ/Computer4bit/src/TestBench/registerfile_TB.vhd
# Compile Entity "registerfile_tb"
# Compile Architecture "TB_ARCHITECTURE" of Entity "registerfile_tb"
# Compile Configuration "TESTBENCH_FOR_registerfile"
# Compile success 0 Errors 0 Warnings  Analysis time :  0.4 [s]
asim -O5 +access +r +m+testbench_for_registerfile testbench_for_registerfile
# ELBREAD: Elaboration process.
# ELBREAD: Elaboration time 0.0 [s].
# VSIM: Stack memory: 32MB
# VSIM: Retval memory: 32MB
# KERNEL: Main thread initiated.
# KERNEL: Kernel process initialization phase.
# ELAB2: Elaboration final pass...
# ELAB2: Create instances ...
# KERNEL: Time resolution set to 1ps.
# ELAB2: Create instances complete.
# SLP: Started
# SLP: Elaboration phase ...
# SLP: Elaboration phase ... skipped, nothing to simulate in SLP mode : 0.0 [s]
# SLP: Finished : 0.0 [s]
# ELAB2: Elaboration final pass complete - time: 0.2 [s].
# KERNEL: Kernel process initialization done.
# Allocation: Simulator allocated 5436 kB (elbread=427 elab2=4870 kernel=139 sdf=0)
# KERNEL: ASDB file was created in location D:\Term 5\CA Lab\AZ\AZ\Computer4bit\src\wave.asdb
#  6:45 PM, Wednesday, January 18, 2023
#  Simulation has been initialized
# add wave -noreg {/registerfile_tb/readr1}
# add wave -noreg {/registerfile_tb/readr2}
# add wave -noreg {/registerfile_tb/writer}
# add wave -noreg {/registerfile_tb/writed}
# add wave -noreg {/registerfile_tb/regwrite}
# add wave -noreg {/registerfile_tb/readd1}
# add wave -noreg {/registerfile_tb/readd2}
# add wave -noreg {/registerfile_tb/period}
# add wave -noreg {/registerfile_tb/pulseperiod}
# Warning: WAVEFORM: Object matching /registerfile_tb/readr1 not found in D:/Term 5/CA Lab/AZ/AZ/Computer4bit/src/FinalResultsWavefrom.asdb.
# Warning: WAVEFORM: Object matching /registerfile_tb/readr2 not found in D:/Term 5/CA Lab/AZ/AZ/Computer4bit/src/FinalResultsWavefrom.asdb.
# Warning: WAVEFORM: Object matching /registerfile_tb/writer not found in D:/Term 5/CA Lab/AZ/AZ/Computer4bit/src/FinalResultsWavefrom.asdb.
# Warning: WAVEFORM: Object matching /registerfile_tb/writed not found in D:/Term 5/CA Lab/AZ/AZ/Computer4bit/src/FinalResultsWavefrom.asdb.
# Warning: WAVEFORM: Object matching /registerfile_tb/regwrite not found in D:/Term 5/CA Lab/AZ/AZ/Computer4bit/src/FinalResultsWavefrom.asdb.
# Warning: WAVEFORM: Object matching /registerfile_tb/readd1 not found in D:/Term 5/CA Lab/AZ/AZ/Computer4bit/src/FinalResultsWavefrom.asdb.
# Warning: WAVEFORM: Object matching /registerfile_tb/readd2 not found in D:/Term 5/CA Lab/AZ/AZ/Computer4bit/src/FinalResultsWavefrom.asdb.
# Warning: WAVEFORM: Object matching /registerfile_tb/period not found in D:/Term 5/CA Lab/AZ/AZ/Computer4bit/src/FinalResultsWavefrom.asdb.
# Warning: WAVEFORM: Object matching /registerfile_tb/pulseperiod not found in D:/Term 5/CA Lab/AZ/AZ/Computer4bit/src/FinalResultsWavefrom.asdb.
