Active-HDL 12.0.118.7745 2022-11-06 14:07:50

Elaboration top modules:
Architecture                  HA_arc(HA)


-------------------------------------------------------------------------------------------
Entity   | Architecture | Library | Info | Compiler Version          | Compilation Options
-------------------------------------------------------------------------------------------
HA       | HA_arc       | ha      |      | 12.0.118.7745 (Windows64) | -O3
-------------------------------------------------------------------------------------------

-------------------------------------------------------------------------------------------
VHDL Package            | Library | Info | Compiler Version          | Compilation Options
-------------------------------------------------------------------------------------------
standard                | std     |      |                           | <unavailable>
TEXTIO                  | std     |      |                           | <unavailable>
std_logic_1164          | ieee    |      |                           | <unavailable>
NUMERIC_STD             | ieee    |      |                           | <unavailable>
-------------------------------------------------------------------------------------------

-------------------------------------------------------------------------------------------
Library                 | Comment
-------------------------------------------------------------------------------------------
ha                      | None
ieee                    | Standard IEEE packages library
std                     | Standard VHDL library
-------------------------------------------------------------------------------------------
