Active-HDL 12.0.118.7745 2022-11-13 13:51:36

Elaboration top modules:
Architecture                  TB_ARCHITECTURE(sevensegdecoder_tb)


--------------------------------------------------------------------------------------------------------------------
Entity             | Architecture           | Library      | Info | Compiler Version          | Compilation Options
--------------------------------------------------------------------------------------------------------------------
sevensegdecoder_tb | TB_ARCHITECTURE        | sevensegment |      | 12.0.118.7745 (Windows64) | -O3
SevenSegDecoder    | SevenSegDecoder_behave | sevensegment |      | 12.0.118.7745 (Windows64) | -O3
--------------------------------------------------------------------------------------------------------------------

--------------------------------------------------------------------------------------------------------------------
VHDL Package                                | Library      | Info | Compiler Version          | Compilation Options
--------------------------------------------------------------------------------------------------------------------
standard                                    | std          |      |                           | <unavailable>
TEXTIO                                      | std          |      |                           | <unavailable>
std_logic_1164                              | ieee         |      |                           | <unavailable>
--------------------------------------------------------------------------------------------------------------------

--------------------------------------------------------------------------------------------------------------------
Library                                     | Comment
--------------------------------------------------------------------------------------------------------------------
ieee                                        | Standard IEEE packages library
sevensegment                                | None
std                                         | Standard VHDL library
--------------------------------------------------------------------------------------------------------------------
