Active-HDL 12.0.118.7745 2022-11-06 18:08:43

Elaboration top modules:
Architecture                  FA(full_adder)


------------------------------------------------------------------------------------------------
Entity     | Architecture | Library    | Info | Compiler Version          | Compilation Options
------------------------------------------------------------------------------------------------
full_adder | FA           | fa_with_tm |      | 12.0.118.7745 (Windows64) | -O3
------------------------------------------------------------------------------------------------

------------------------------------------------------------------------------------------------
VHDL Package              | Library    | Info | Compiler Version          | Compilation Options
------------------------------------------------------------------------------------------------
standard                  | std        |      |                           | <unavailable>
TEXTIO                    | std        |      |                           | <unavailable>
std_logic_1164            | ieee       |      |                           | <unavailable>
NUMERIC_STD               | ieee       |      |                           | <unavailable>
------------------------------------------------------------------------------------------------

------------------------------------------------------------------------------------------------
Library                   | Comment
------------------------------------------------------------------------------------------------
fa_with_tm                | None
ieee                      | Standard IEEE packages library
std                       | Standard VHDL library
------------------------------------------------------------------------------------------------
